18:02:09 **** Incremental Build of configuration Debug for project HelloWorld ****
make pre-build main-build 
make: Warning: File `src/subdir.mk' has modification time 4.2 s in the future
a9-linaro-pre-build-step
 
make: Nothing to be done for `main-build'.
make: warning:  Clock skew detected.  Your build may be incomplete.
18:04:19 **** Incremental Build of configuration Debug for project HelloWorld ****
make pre-build main-build 
make: Warning: File `src/subdir.mk' has modification time 4.2 s in the future
a9-linaro-pre-build-step
 
make: Nothing to be done for `main-build'.
make: warning:  Clock skew detected.  Your build may be incomplete.
18:04:32 **** Incremental Build of configuration Debug for project HelloWorld ****
make pre-build main-build 
make: Warning: File `src/subdir.mk' has modification time 4.2 s in the future
a9-linaro-pre-build-step
 
make: Nothing to be done for `main-build'.
make: warning:  Clock skew detected.  Your build may be incomplete.
18:04:32 **** Incremental Build of configuration Debug for project CoreMarks ****
make pre-build main-build 
make: Warning: File `src/subdir.mk' has modification time 4.2 s in the future
a9-linaro-pre-build-step
 
Building file: ../src/core_main.c
Invoking: ARM v7 gcc compiler
arm-none-eabi-gcc -Wall -O0 -g3 -c -fmessage-length=0 -MT"src/core_main.o" -mcpu=cortex-a9 -mfpu=vfpv3 -mfloat-abi=hard -I../../standalone_bsp_0/ps7_cortexa9_0/include -MMD -MP -MF"src/core_main.d" -MT"src/core_main.o" -o "src/core_main.o" "../src/core_main.c"
../src/core_main.c: In function 'main':
../src/core_main.c:287:34: warning: format '%lu' expects argument of type 'long unsigned int', but argument 2 has type 'unsigned int' [-Wformat=]
  ee_printf("CoreMark Size    : %lu\n",(ee_u32)results[0].size);
                                  ^
../src/core_main.c:288:34: warning: format '%lu' expects argument of type 'long unsigned int', but argument 2 has type 'unsigned int' [-Wformat=]
  ee_printf("Total ticks      : %lu\n",(ee_u32)total_time);
                                  ^
../src/core_main.c:303:34: warning: format '%lu' expects argument of type 'long unsigned int', but argument 2 has type 'unsigned int' [-Wformat=]
  ee_printf("Iterations       : %lu\n",(ee_u32)default_num_contexts*results[0].iterations);
                                  ^
In file included from ../src/coremark.h:38:0,
                 from ../src/core_main.c:22:
../src/core_portme.h:65:25: error: 'FLAGS_STR' undeclared (first use in this function)
  #define COMPILER_FLAGS FLAGS_STR /* "Please put compiler flags here (e.g. -o3)" */
                         ^
../src/core_main.c:305:38: note: in expansion of macro 'COMPILER_FLAGS'
  ee_printf("Compiler flags   : %s\n",COMPILER_FLAGS);
                                      ^~~~~~~~~~~~~~
../src/core_portme.h:65:25: note: each undeclared identifier is reported only once for each function it appears in
  #define COMPILER_FLAGS FLAGS_STR /* "Please put compiler flags here (e.g. -o3)" */
                         ^
../src/core_main.c:305:38: note: in expansion of macro 'COMPILER_FLAGS'
  ee_printf("Compiler flags   : %s\n",COMPILER_FLAGS);
                                      ^~~~~~~~~~~~~~
make: *** [src/core_main.o] Error 1
18:08:53 **** Build of configuration Debug for project BenchmarkTestDhrystone ****
make pre-build main-build 
make: Warning: File `objects.mk' has modification time 4.2 s in the future
a9-linaro-pre-build-step
 
Building file: ../src/dhry_1.c
Invoking: ARM v7 gcc compiler
arm-none-eabi-gcc -Wall -O0 -g3 -c -fmessage-length=0 -MT"src/dhry_1.o" -mcpu=cortex-a9 -mfpu=vfpv3 -mfloat-abi=hard -I../../standalone_bsp_0/ps7_cortexa9_0/include -MMD -MP -MF"src/dhry_1.d" -MT"src/dhry_1.o" -o "src/dhry_1.o" "../src/dhry_1.c"
In file included from ../src/dhry_1.c:19:0:
../src/dhry_1.c: In function 'main':
../src/xil_config.h:44:5: warning: implicit declaration of function 'xil_printf' [-Wimplicit-function-declaration]
     xil_printf(str, ## args); \
     ^
../src/dhry_1.c:215:3: note: in expansion of macro 'printf'
   printf ("\n");
   ^~~~~~
Finished building: ../src/dhry_1.c
 
Building file: ../src/dhry_2.c
Invoking: ARM v7 gcc compiler
arm-none-eabi-gcc -Wall -O0 -g3 -c -fmessage-length=0 -MT"src/dhry_2.o" -mcpu=cortex-a9 -mfpu=vfpv3 -mfloat-abi=hard -I../../standalone_bsp_0/ps7_cortexa9_0/include -MMD -MP -MF"src/dhry_2.d" -MT"src/dhry_2.o" -o "src/dhry_2.o" "../src/dhry_2.c"
Finished building: ../src/dhry_2.c
 
Building file: ../src/platform.c
Invoking: ARM v7 gcc compiler
arm-none-eabi-gcc -Wall -O0 -g3 -c -fmessage-length=0 -MT"src/platform.o" -mcpu=cortex-a9 -mfpu=vfpv3 -mfloat-abi=hard -I../../standalone_bsp_0/ps7_cortexa9_0/include -MMD -MP -MF"src/platform.d" -MT"src/platform.o" -o "src/platform.o" "../src/platform.c"
Finished building: ../src/platform.c
 
Building target: BenchmarkTestDhrystone.elf
Invoking: ARM v7 gcc linker
arm-none-eabi-gcc -mcpu=cortex-a9 -mfpu=vfpv3 -mfloat-abi=hard -Wl,-build-id=none -specs=Xilinx.spec -Wl,-T -Wl,../src/lscript.ld -L../../standalone_bsp_0/ps7_cortexa9_0/lib -o "BenchmarkTestDhrystone.elf"  ./src/dhry_1.o ./src/dhry_2.o ./src/platform.o   -Wl,--start-group,-lxil,-lgcc,-lc,--end-group
Finished building target: BenchmarkTestDhrystone.elf
 
Invoking: ARM v7 Print Size
arm-none-eabi-size BenchmarkTestDhrystone.elf  |tee "BenchmarkTestDhrystone.elf.size"
   text	   data	    bss	    dec	    hex	filename
  31612	   1148	  21656	  54416	   d490	BenchmarkTestDhrystone.elf
Finished building: BenchmarkTestDhrystone.elf.size
 
make: warning:  Clock skew detected.  Your build may be incomplete.
18:09:40 **** Incremental Build of configuration Debug for project HelloWorld ****
make pre-build main-build 
make: Warning: File `src/subdir.mk' has modification time 4.2 s in the future
a9-linaro-pre-build-step
 
make: Nothing to be done for `main-build'.
make: warning:  Clock skew detected.  Your build may be incomplete.
18:09:41 **** Incremental Build of configuration Debug for project BenchmarkTestDhrystone ****
make pre-build main-build 
make: Warning: File `src/subdir.mk' has modification time 4.2 s in the future
a9-linaro-pre-build-step
 
make: warning:  Clock skew detected.  Your build may be incomplete.
make: Nothing to be done for `main-build'.
18:09:57 **** Incremental Build of configuration Debug for project BenchmarkTestDhrystone ****
make pre-build main-build 
make: Warning: File `src/subdir.mk' has modification time 4.2 s in the future
a9-linaro-pre-build-step
 
make: Nothing to be done for `main-build'.
make: warning:  Clock skew detected.  Your build may be incomplete.
18:13:15 **** Incremental Build of configuration Debug for project HelloWorld ****
make pre-build main-build 
make: Warning: File `src/subdir.mk' has modification time 4.2 s in the future
a9-linaro-pre-build-step
 
make: Nothing to be done for `main-build'.
make: warning:  Clock skew detected.  Your build may be incomplete.
18:13:15 **** Incremental Build of configuration Debug for project BenchmarkTestDhrystone ****
make pre-build main-build 
make: Warning: File `src/subdir.mk' has modification time 4.2 s in the future
a9-linaro-pre-build-step
 
make: Nothing to be done for `main-build'.
make: warning:  Clock skew detected.  Your build may be incomplete.

**** Build of configuration Debug for project CoreMark ****

Nothing to build for project CoreMark
23:27:15 **** Auto Build of configuration Debug for project CoreMark ****
make pre-build main-build 
make: Warning: File `objects.mk' has modification time 5.1 s in the future
a9-linaro-pre-build-step
 
Building file: ../src/core_list_join.c
Invoking: ARM v7 gcc compiler
arm-none-eabi-gcc -Wall -O0 -g3 -c -fmessage-length=0 -MT"src/core_list_join.o" -mcpu=cortex-a9 -mfpu=vfpv3 -mfloat-abi=hard -I../../standalone_bsp_0/ps7_cortexa9_0/include -MMD -MP -MF"src/core_list_join.d" -MT"src/core_list_join.o" -o "src/core_list_join.o" "../src/core_list_join.c"
Finished building: ../src/core_list_join.c
 
Building file: ../src/core_main.c
Invoking: ARM v7 gcc compiler
arm-none-eabi-gcc -Wall -O0 -g3 -c -fmessage-length=0 -MT"src/core_main.o" -mcpu=cortex-a9 -mfpu=vfpv3 -mfloat-abi=hard -I../../standalone_bsp_0/ps7_cortexa9_0/include -MMD -MP -MF"src/core_main.d" -MT"src/core_main.o" -o "src/core_main.o" "../src/core_main.c"
../src/core_main.c: In function 'main':
../src/core_main.c:287:34: warning: format '%lu' expects argument of type 'long unsigned int', but argument 2 has type 'unsigned int' [-Wformat=]
  ee_printf("CoreMark Size    : %lu\n",(ee_u32)results[0].size);
                                  ^
../src/core_main.c:288:34: warning: format '%lu' expects argument of type 'long unsigned int', but argument 2 has type 'unsigned int' [-Wformat=]
  ee_printf("Total ticks      : %lu\n",(ee_u32)total_time);
                                  ^
../src/core_main.c:303:34: warning: format '%lu' expects argument of type 'long unsigned int', but argument 2 has type 'unsigned int' [-Wformat=]
  ee_printf("Iterations       : %lu\n",(ee_u32)default_num_contexts*results[0].iterations);
                                  ^
In file included from ../src/coremark.h:38:0,
                 from ../src/core_main.c:22:
../src/core_portme.h:65:25: error: 'FLAGS_STR' undeclared (first use in this function)
  #define COMPILER_FLAGS FLAGS_STR /* "Please put compiler flags here (e.g. -o3)" */
                         ^
../src/core_main.c:305:38: note: in expansion of macro 'COMPILER_FLAGS'
  ee_printf("Compiler flags   : %s\n",COMPILER_FLAGS);
                                      ^~~~~~~~~~~~~~
../src/core_portme.h:65:25: note: each undeclared identifier is reported only once for each function it appears in
  #define COMPILER_FLAGS FLAGS_STR /* "Please put compiler flags here (e.g. -o3)" */
                         ^
../src/core_main.c:305:38: note: in expansion of macro 'COMPILER_FLAGS'
  ee_printf("Compiler flags   : %s\n",COMPILER_FLAGS);
                                      ^~~~~~~~~~~~~~
make: *** [src/core_main.o] Error 1
23:28:02 **** Auto Build of configuration Debug for project CoreMark ****
make pre-build main-build 
make: Warning: File `src/subdir.mk' has modification time 5.1 s in the future
a9-linaro-pre-build-step
 
Building file: ../src/core_list_join.c
Invoking: ARM v7 gcc compiler
arm-none-eabi-gcc -Wall -O0 -g3 -c -fmessage-length=0 -MT"src/core_list_join.o" -mcpu=cortex-a9 -mfpu=vfpv3 -mfloat-abi=hard -I../../standalone_bsp_0/ps7_cortexa9_0/include -MMD -MP -MF"src/core_list_join.d" -MT"src/core_list_join.o" -o "src/core_list_join.o" "../src/core_list_join.c"
Finished building: ../src/core_list_join.c
 
Building file: ../src/core_main.c
Invoking: ARM v7 gcc compiler
arm-none-eabi-gcc -Wall -O0 -g3 -c -fmessage-length=0 -MT"src/core_main.o" -mcpu=cortex-a9 -mfpu=vfpv3 -mfloat-abi=hard -I../../standalone_bsp_0/ps7_cortexa9_0/include -MMD -MP -MF"src/core_main.d" -MT"src/core_main.o" -o "src/core_main.o" "../src/core_main.c"
../src/core_main.c: In function 'main':
../src/core_main.c:287:34: warning: format '%lu' expects argument of type 'long unsigned int', but argument 2 has type 'unsigned int' [-Wformat=]
  ee_printf("CoreMark Size    : %lu\n",(ee_u32)results[0].size);
                                  ^
../src/core_main.c:288:34: warning: format '%lu' expects argument of type 'long unsigned int', but argument 2 has type 'unsigned int' [-Wformat=]
  ee_printf("Total ticks      : %lu\n",(ee_u32)total_time);
                                  ^
../src/core_main.c:303:34: warning: format '%lu' expects argument of type 'long unsigned int', but argument 2 has type 'unsigned int' [-Wformat=]
  ee_printf("Iterations       : %lu\n",(ee_u32)default_num_contexts*results[0].iterations);
                                  ^
Finished building: ../src/core_main.c
 
Building file: ../src/core_matrix.c
Invoking: ARM v7 gcc compiler
arm-none-eabi-gcc -Wall -O0 -g3 -c -fmessage-length=0 -MT"src/core_matrix.o" -mcpu=cortex-a9 -mfpu=vfpv3 -mfloat-abi=hard -I../../standalone_bsp_0/ps7_cortexa9_0/include -MMD -MP -MF"src/core_matrix.d" -MT"src/core_matrix.o" -o "src/core_matrix.o" "../src/core_matrix.c"
Finished building: ../src/core_matrix.c
 
Building file: ../src/core_portme.c
Invoking: ARM v7 gcc compiler
arm-none-eabi-gcc -Wall -O0 -g3 -c -fmessage-length=0 -MT"src/core_portme.o" -mcpu=cortex-a9 -mfpu=vfpv3 -mfloat-abi=hard -I../../standalone_bsp_0/ps7_cortexa9_0/include -MMD -MP -MF"src/core_portme.d" -MT"src/core_portme.o" -o "src/core_portme.o" "../src/core_portme.c"
../src/core_portme.c:42:33: error: 'ITERATIONS' undeclared here (not in a function)
  volatile ee_s32 seed4_volatile=ITERATIONS;
                                 ^~~~~~~~~~
make: *** [src/core_portme.o] Error 1
23:32:00 **** Auto Build of configuration Debug for project CoreMark ****
make pre-build main-build 
make: Warning: File `src/subdir.mk' has modification time 5.1 s in the future
a9-linaro-pre-build-step
 
Building file: ../src/core_portme.c
Invoking: ARM v7 gcc compiler
arm-none-eabi-gcc -Wall -O0 -g3 -c -fmessage-length=0 -MT"src/core_portme.o" -mcpu=cortex-a9 -mfpu=vfpv3 -mfloat-abi=hard -I../../standalone_bsp_0/ps7_cortexa9_0/include -MMD -MP -MF"src/core_portme.d" -MT"src/core_portme.o" -o "src/core_portme.o" "../src/core_portme.c"
Finished building: ../src/core_portme.c
 
Building file: ../src/core_state.c
Invoking: ARM v7 gcc compiler
arm-none-eabi-gcc -Wall -O0 -g3 -c -fmessage-length=0 -MT"src/core_state.o" -mcpu=cortex-a9 -mfpu=vfpv3 -mfloat-abi=hard -I../../standalone_bsp_0/ps7_cortexa9_0/include -MMD -MP -MF"src/core_state.d" -MT"src/core_state.o" -o "src/core_state.o" "../src/core_state.c"
Finished building: ../src/core_state.c
 
Building file: ../src/core_util.c
Invoking: ARM v7 gcc compiler
arm-none-eabi-gcc -Wall -O0 -g3 -c -fmessage-length=0 -MT"src/core_util.o" -mcpu=cortex-a9 -mfpu=vfpv3 -mfloat-abi=hard -I../../standalone_bsp_0/ps7_cortexa9_0/include -MMD -MP -MF"src/core_util.d" -MT"src/core_util.o" -o "src/core_util.o" "../src/core_util.c"
Finished building: ../src/core_util.c
 
Building target: CoreMark.elf
Invoking: ARM v7 gcc linker
arm-none-eabi-gcc -mcpu=cortex-a9 -mfpu=vfpv3 -mfloat-abi=hard -Wl,-build-id=none -specs=Xilinx.spec -Wl,-T -Wl,../src/lscript.ld -L../../standalone_bsp_0/ps7_cortexa9_0/lib -o "CoreMark.elf"  ./src/core_list_join.o ./src/core_main.o ./src/core_matrix.o ./src/core_portme.o ./src/core_state.o ./src/core_util.o   -Wl,--start-group,-lxil,-lgcc,-lc,--end-group
Finished building target: CoreMark.elf
 
Invoking: ARM v7 Print Size
arm-none-eabi-size CoreMark.elf  |tee "CoreMark.elf.size"
   text	   data	    bss	    dec	    hex	filename
  88792	   2712	  23376	 114880	  1c0c0	CoreMark.elf
Finished building: CoreMark.elf.size
 
make: warning:  Clock skew detected.  Your build may be incomplete.
23:34:55 **** Clean-only build of configuration Debug for project CoreMark ****
make clean 
rm -rf  ./src/core_list_join.o ./src/core_main.o ./src/core_matrix.o ./src/core_portme.o ./src/core_state.o ./src/core_util.o  ./src/core_list_join.d ./src/core_main.d ./src/core_matrix.d ./src/core_portme.d ./src/core_state.d ./src/core_util.d  CoreMark.elf.size  CoreMark.elf
 
23:34:55 **** Auto Build of configuration Debug for project CoreMark ****
make pre-build main-build 
make: Warning: File `objects.mk' has modification time 5.2 s in the future
a9-linaro-pre-build-step
 
Building file: ../src/core_list_join.c
Invoking: ARM v7 gcc compiler
arm-none-eabi-gcc -DPERFORMANCE_RUN=1 -DCOMPILER_FLAGS=\"-03\" -Wall -O3 -g3 -c -fmessage-length=0 -MT"src/core_list_join.o" -mcpu=cortex-a9 -mfpu=vfpv3 -mfloat-abi=hard -I../../standalone_bsp_0/ps7_cortexa9_0/include -MMD -MP -MF"src/core_list_join.d" -MT"src/core_list_join.o" -o "src/core_list_join.o" "../src/core_list_join.c"
../src/core_list_join.c: In function 'core_bench_list':
../src/core_list_join.c:139:12: warning: 'info.data16' may be used uninitialized in this function [-Wmaybe-uninitialized]
  list_data info;
            ^~~~
Finished building: ../src/core_list_join.c
 
Building file: ../src/core_main.c
Invoking: ARM v7 gcc compiler
arm-none-eabi-gcc -DPERFORMANCE_RUN=1 -DCOMPILER_FLAGS=\"-03\" -Wall -O3 -g3 -c -fmessage-length=0 -MT"src/core_main.o" -mcpu=cortex-a9 -mfpu=vfpv3 -mfloat-abi=hard -I../../standalone_bsp_0/ps7_cortexa9_0/include -MMD -MP -MF"src/core_main.d" -MT"src/core_main.o" -o "src/core_main.o" "../src/core_main.c"
../src/core_main.c: In function 'main':
../src/core_main.c:287:34: warning: format '%lu' expects argument of type 'long unsigned int', but argument 2 has type 'unsigned int' [-Wformat=]
  ee_printf("CoreMark Size    : %lu\n",(ee_u32)results[0].size);
                                  ^
../src/core_main.c:288:34: warning: format '%lu' expects argument of type 'long unsigned int', but argument 2 has type 'unsigned int' [-Wformat=]
  ee_printf("Total ticks      : %lu\n",(ee_u32)total_time);
                                  ^
../src/core_main.c:303:34: warning: format '%lu' expects argument of type 'long unsigned int', but argument 2 has type 'unsigned int' [-Wformat=]
  ee_printf("Iterations       : %lu\n",(ee_u32)default_num_contexts*results[0].iterations);
                                  ^
Finished building: ../src/core_main.c
 
Building file: ../src/core_matrix.c
Invoking: ARM v7 gcc compiler
arm-none-eabi-gcc -DPERFORMANCE_RUN=1 -DCOMPILER_FLAGS=\"-03\" -Wall -O3 -g3 -c -fmessage-length=0 -MT"src/core_matrix.o" -mcpu=cortex-a9 -mfpu=vfpv3 -mfloat-abi=hard -I../../standalone_bsp_0/ps7_cortexa9_0/include -MMD -MP -MF"src/core_matrix.d" -MT"src/core_matrix.o" -o "src/core_matrix.o" "../src/core_matrix.c"
Finished building: ../src/core_matrix.c
 
Building file: ../src/core_portme.c
Invoking: ARM v7 gcc compiler
arm-none-eabi-gcc -DPERFORMANCE_RUN=1 -DCOMPILER_FLAGS=\"-03\" -Wall -O3 -g3 -c -fmessage-length=0 -MT"src/core_portme.o" -mcpu=cortex-a9 -mfpu=vfpv3 -mfloat-abi=hard -I../../standalone_bsp_0/ps7_cortexa9_0/include -MMD -MP -MF"src/core_portme.d" -MT"src/core_portme.o" -o "src/core_portme.o" "../src/core_portme.c"
Finished building: ../src/core_portme.c
 
Building file: ../src/core_state.c
Invoking: ARM v7 gcc compiler
arm-none-eabi-gcc -DPERFORMANCE_RUN=1 -DCOMPILER_FLAGS=\"-03\" -Wall -O3 -g3 -c -fmessage-length=0 -MT"src/core_state.o" -mcpu=cortex-a9 -mfpu=vfpv3 -mfloat-abi=hard -I../../standalone_bsp_0/ps7_cortexa9_0/include -MMD -MP -MF"src/core_state.d" -MT"src/core_state.o" -o "src/core_state.o" "../src/core_state.c"
Finished building: ../src/core_state.c
 
Building file: ../src/core_util.c
Invoking: ARM v7 gcc compiler
arm-none-eabi-gcc -DPERFORMANCE_RUN=1 -DCOMPILER_FLAGS=\"-03\" -Wall -O3 -g3 -c -fmessage-length=0 -MT"src/core_util.o" -mcpu=cortex-a9 -mfpu=vfpv3 -mfloat-abi=hard -I../../standalone_bsp_0/ps7_cortexa9_0/include -MMD -MP -MF"src/core_util.d" -MT"src/core_util.o" -o "src/core_util.o" "../src/core_util.c"
Finished building: ../src/core_util.c
 
Building target: CoreMark.elf
Invoking: ARM v7 gcc linker
arm-none-eabi-gcc -mcpu=cortex-a9 -mfpu=vfpv3 -mfloat-abi=hard -Wl,-build-id=none -specs=Xilinx.spec -Wl,-T -Wl,../src/lscript.ld -L../../standalone_bsp_0/ps7_cortexa9_0/lib -o "CoreMark.elf"  ./src/core_list_join.o ./src/core_main.o ./src/core_matrix.o ./src/core_portme.o ./src/core_state.o ./src/core_util.o   -Wl,--start-group,-lxil,-lgcc,-lc,--end-group
Finished building target: CoreMark.elf
 
Invoking: ARM v7 Print Size
arm-none-eabi-size CoreMark.elf  |tee "CoreMark.elf.size"
   text	   data	    bss	    dec	    hex	filename
  90672	   2616	  23376	 116664	  1c7b8	CoreMark.elf
Finished building: CoreMark.elf.size
 
make: warning:  Clock skew detected.  Your build may be incomplete.
23:48:48 **** Incremental Build of configuration Debug for project HelloWorld ****
make pre-build main-build 
make: Warning: File `src/subdir.mk' has modification time 5.2 s in the future
a9-linaro-pre-build-step
 
make: Nothing to be done for `main-build'.
make: warning:  Clock skew detected.  Your build may be incomplete.
23:48:48 **** Incremental Build of configuration Debug for project CoreMark ****
make pre-build main-build 
make: Warning: File `src/subdir.mk' has modification time 5.2 s in the future
a9-linaro-pre-build-step
 
make: warning:  Clock skew detected.  Your build may be incomplete.
make: Nothing to be done for `main-build'.
23:48:49 **** Incremental Build of configuration Debug for project BenchmarkTestDhrystone ****
make pre-build main-build 
make: Warning: File `src/subdir.mk' has modification time 5.2 s in the future
a9-linaro-pre-build-step
 
make: Nothing to be done for `main-build'.
make: warning:  Clock skew detected.  Your build may be incomplete.
00:07:48 **** Incremental Build of configuration Debug for project CoreMark ****
make pre-build main-build 
make: Warning: File `src/subdir.mk' has modification time 5.2 s in the future
a9-linaro-pre-build-step
 
make: warning:  Clock skew detected.  Your build may be incomplete.
make: Nothing to be done for `main-build'.
00:08:18 **** Incremental Build of configuration Debug for project HelloWorld ****
make pre-build main-build 
make: Warning: File `src/subdir.mk' has modification time 5.2 s in the future
a9-linaro-pre-build-step
 
make: warning:  Clock skew detected.  Your build may be incomplete.
make: Nothing to be done for `main-build'.
00:08:18 **** Incremental Build of configuration Debug for project CoreMark ****
make pre-build main-build 
make: Warning: File `src/subdir.mk' has modification time 5.2 s in the future
a9-linaro-pre-build-step
 
make: Nothing to be done for `main-build'.
make: warning:  Clock skew detected.  Your build may be incomplete.
00:08:18 **** Incremental Build of configuration Debug for project BenchmarkTestDhrystone ****
make pre-build main-build 
make: Warning: File `src/subdir.mk' has modification time 5.2 s in the future
a9-linaro-pre-build-step
 
make: Nothing to be done for `main-build'.
make: warning:  Clock skew detected.  Your build may be incomplete.
